[    0.000000] Initializing cgroup subsys cpuset
[    0.000000] Initializing cgroup subsys cpu
[    0.000000] Initializing cgroup subsys cpuacct
[    0.000000] Linux version 4.4.0-142-generic (buildd@lgw01-amd64-033) (gcc version 5.4.0 20160609 (Ubuntu 5.4.0-6ubuntu1~16.04.10) ) #168-Ubuntu SMP Wed Jan 16 21:00:45 UTC 2019 (Ubuntu 4.4.0-142.168-generic 4.4.167)
[    0.000000] Command line: BOOT_IMAGE=/boot/vmlinuz-4.4.0-142-generic root=LABEL=cloudimg-rootfs ro console=tty1 console=ttyS0
[    0.000000] KERNEL supported cpus:
[    0.000000]   Intel GenuineIntel
[    0.000000]   AMD AuthenticAMD
[    0.000000]   Centaur CentaurHauls
[    0.000000] x86/fpu: xstate_offset[2]:  576, xstate_sizes[2]:  256
[    0.000000] x86/fpu: Supporting XSAVE feature 0x01: 'x87 floating point registers'
[    0.000000] x86/fpu: Supporting XSAVE feature 0x02: 'SSE registers'
[    0.000000] x86/fpu: Supporting XSAVE feature 0x04: 'AVX registers'
[    0.000000] x86/fpu: Enabled xstate features 0x7, context size is 832 bytes, using 'standard' format.
[    0.000000] e820: BIOS-provided physical RAM map:
[    0.000000] BIOS-e820: [mem 0x0000000000000000-0x000000000009fbff] usable
[    0.000000] BIOS-e820: [mem 0x000000000009fc00-0x000000000009ffff] reserved
[    0.000000] BIOS-e820: [mem 0x00000000000f0000-0x00000000000fffff] reserved
[    0.000000] BIOS-e820: [mem 0x0000000000100000-0x000000003ffeffff] usable
[    0.000000] BIOS-e820: [mem 0x000000003fff0000-0x000000003fffffff] ACPI data
[    0.000000] BIOS-e820: [mem 0x00000000fec00000-0x00000000fec00fff] reserved
[    0.000000] BIOS-e820: [mem 0x00000000fee00000-0x00000000fee00fff] reserved
[    0.000000] BIOS-e820: [mem 0x00000000fffc0000-0x00000000ffffffff] reserved
[    0.000000] NX (Execute Disable) protection: active
[    0.000000] SMBIOS 2.5 present.
[    0.000000] Hypervisor detected: KVM
[    0.000000] e820: last_pfn = 0x3fff0 max_arch_pfn = 0x400000000
[    0.000000] MTRR: Disabled
[    0.000000] x86/PAT: MTRRs disabled, skipping PAT initialization too.
[    0.000000] CPU MTRRs all blank - virtualized system.
[    0.000000] x86/PAT: Configuration [0-7]: WB  WT  UC- UC  WB  WT  UC- UC  
[    0.000000] found SMP MP-table at [mem 0x0009fff0-0x0009ffff] mapped at [ffff88000009fff0]
[    0.000000] Scanning 1 areas for low memory corruption
[    0.000000] RAMDISK: [mem 0x36306000-0x3717afff]
[    0.000000] ACPI: Early table checksum verification disabled
[    0.000000] ACPI: RSDP 0x00000000000E0000 000024 (v02 VBOX  )
[    0.000000] ACPI: XSDT 0x000000003FFF0030 00003C (v01 VBOX   VBOXXSDT 00000001 ASL  00000061)
[    0.000000] ACPI: FACP 0x000000003FFF00F0 0000F4 (v04 VBOX   VBOXFACP 00000001 ASL  00000061)
[    0.000000] ACPI: DSDT 0x000000003FFF0470 0021FF (v02 VBOX   VBOXBIOS 00000002 INTL 20160108)
[    0.000000] ACPI: FACS 0x000000003FFF0200 000040
[    0.000000] ACPI: FACS 0x000000003FFF0200 000040
[    0.000000] ACPI: APIC 0x000000003FFF0240 00005C (v02 VBOX   VBOXAPIC 00000001 ASL  00000061)
[    0.000000] ACPI: SSDT 0x000000003FFF02A0 0001CC (v01 VBOX   VBOXCPUT 00000002 INTL 20160108)
[    0.000000] No NUMA configuration found
[    0.000000] Faking a node at [mem 0x0000000000000000-0x000000003ffeffff]
[    0.000000] NODE_DATA(0) allocated [mem 0x3ffeb000-0x3ffeffff]
[    0.000000] kvm-clock: Using msrs 4b564d01 and 4b564d00
[    0.000000] kvm-clock: cpu 0, msr 0:3ffe3001, primary cpu clock
[    0.000000] kvm-clock: using sched offset of 3303500880 cycles
[    0.000000] clocksource: kvm-clock: mask: 0xffffffffffffffff max_cycles: 0x1cd42e4dffb, max_idle_ns: 881590591483 ns
[    0.000000] Zone ranges:
[    0.000000]   DMA      [mem 0x0000000000001000-0x0000000000ffffff]
[    0.000000]   DMA32    [mem 0x0000000001000000-0x000000003ffeffff]
[    0.000000]   Normal   empty
[    0.000000]   Device   empty
[    0.000000] Movable zone start for each node
[    0.000000] Early memory node ranges
[    0.000000]   node   0: [mem 0x0000000000001000-0x000000000009efff]
[    0.000000]   node   0: [mem 0x0000000000100000-0x000000003ffeffff]
[    0.000000] Initmem setup node 0 [mem 0x0000000000001000-0x000000003ffeffff]
[    0.000000] ACPI: PM-Timer IO Port: 0x4008
[    0.000000] IOAPIC[0]: apic_id 2, version 32, address 0xfec00000, GSI 0-23
[    0.000000] ACPI: INT_SRC_OVR (bus 0 bus_irq 0 global_irq 2 dfl dfl)
[    0.000000] ACPI: INT_SRC_OVR (bus 0 bus_irq 9 global_irq 9 high level)
[    0.000000] Using ACPI (MADT) for SMP configuration information
[    0.000000] smpboot: Allowing 2 CPUs, 0 hotplug CPUs
[    0.000000] PM: Registered nosave memory: [mem 0x00000000-0x00000fff]
[    0.000000] PM: Registered nosave memory: [mem 0x0009f000-0x0009ffff]
[    0.000000] PM: Registered nosave memory: [mem 0x000a0000-0x000effff]
[    0.000000] PM: Registered nosave memory: [mem 0x000f0000-0x000fffff]
[    0.000000] e820: [mem 0x40000000-0xfebfffff] available for PCI devices
[    0.000000] Booting paravirtualized kernel on KVM
[    0.000000] clocksource: refined-jiffies: mask: 0xffffffff max_cycles: 0xffffffff, max_idle_ns: 7645519600211568 ns
[    0.000000] setup_percpu: NR_CPUS:512 nr_cpumask_bits:512 nr_cpu_ids:2 nr_node_ids:1
[    0.000000] PERCPU: Embedded 34 pages/cpu @ffff88003fc00000 s99480 r8192 d31592 u1048576
[    0.000000] Built 1 zonelists in Node order, mobility grouping on.  Total pages: 257912
[    0.000000] Policy zone: DMA32
[    0.000000] Kernel command line: BOOT_IMAGE=/boot/vmlinuz-4.4.0-142-generic root=LABEL=cloudimg-rootfs ro console=tty1 console=ttyS0
[    0.000000] PID hash table entries: 4096 (order: 3, 32768 bytes)
[    0.000000] Memory: 997728K/1048120K available (8603K kernel code, 1332K rwdata, 4004K rodata, 1484K init, 1316K bss, 50392K reserved, 0K cma-reserved)
[    0.000000] SLUB: HWalign=64, Order=0-3, MinObjects=0, CPUs=2, Nodes=1
[    0.000000] Kernel/User page tables isolation: enabled
[    0.000000] Hierarchical RCU implementation.
[    0.000000] 	Build-time adjustment of leaf fanout to 64.
[    0.000000] 	RCU restricting CPUs from NR_CPUS=512 to nr_cpu_ids=2.
[    0.000000] RCU: Adjusting geometry for rcu_fanout_leaf=64, nr_cpu_ids=2
[    0.000000] NR_IRQS:33024 nr_irqs:440 16
[    0.000000] Console: colour VGA+ 80x25
[    0.000000] console [tty1] enabled
[    0.000000] console [ttyS0] enabled
[    0.000000] tsc: Detected 2294.782 MHz processor
[    0.713894] Calibrating delay loop (skipped) preset value.. 4589.56 BogoMIPS (lpj=9179128)
[    0.716183] pid_max: default: 32768 minimum: 301
[    0.717498] ACPI: Core revision 20150930
[    0.719584] ACPI: 2 ACPI AML tables successfully acquired and loaded
[    0.721453] Security Framework initialized
[    0.727041] Yama: becoming mindful.
[    0.728108] AppArmor: AppArmor initialized
[    0.729407] Dentry cache hash table entries: 131072 (order: 8, 1048576 bytes)
[    0.737380] Inode-cache hash table entries: 65536 (order: 7, 524288 bytes)
[    0.744898] Mount-cache hash table entries: 2048 (order: 2, 16384 bytes)
[    0.769776] Mountpoint-cache hash table entries: 2048 (order: 2, 16384 bytes)
[    0.771664] Initializing cgroup subsys io
[    0.773947] Initializing cgroup subsys memory
[    0.775103] Initializing cgroup subsys devices
[    0.782703] Initializing cgroup subsys freezer
[    0.785061] Initializing cgroup subsys net_cls
[    0.785998] Initializing cgroup subsys perf_event
[    0.787008] Initializing cgroup subsys net_prio
[    0.789319] Initializing cgroup subsys hugetlb
[    0.817082] Initializing cgroup subsys pids
[    0.818623] mce: CPU supports 0 MCE banks
[    0.824966] Last level iTLB entries: 4KB 512, 2MB 8, 4MB 8
[    0.831711] Last level dTLB entries: 4KB 512, 2MB 32, 4MB 32, 1GB 0
[    0.838319] Spectre V2 : Mitigation: Full generic retpoline
[    0.839460] Spectre V2 : Spectre v2 / SpectreRSB mitigation: Filling RSB on context switch
[    0.842321] Speculative Store Bypass: Vulnerable
[    0.851930] Freeing SMP alternatives memory: 32K
[    0.875144] ftrace: allocating 32277 entries in 127 pages
[    0.958726] smpboot: APIC(0) Converting physical 0 to logical package 0
[    0.965605] smpboot: Max logical packages: 1
[    0.975790] x2apic enabled
[    0.981548] Switched APIC routing to physical x2apic.
[    0.986965] ..TIMER: vector=0x30 apic1=0 pin1=2 apic2=-1 pin2=-1
[    1.096516] smpboot: CPU0: Intel(R) Core(TM) i5-3427U CPU @ 1.80GHz (family: 0x6, model: 0x3a, stepping: 0x9)
[    1.104613] Performance Events: unsupported p6 CPU model 58 no PMU driver, software events only.
[    1.137724] KVM setup paravirtual spinlock
[    1.146868] x86: Booting SMP configuration:
[    1.149803] .... node  #0, CPUs:      #1
[    1.151906] kvm-clock: cpu 1, msr 0:3ffe3041, secondary cpu clock
[    1.154578] mce: CPU supports 0 MCE banks
[    1.157384] x86: Booted up 1 node, 2 CPUs
[    1.163001] smpboot: Total of 2 processors activated (9179.12 BogoMIPS)
[    1.165348] devtmpfs: initialized
[    1.169050] evm: security.selinux
[    1.186761] evm: security.SMACK64
[    1.187574] evm: security.SMACK64EXEC
[    1.190545] evm: security.SMACK64TRANSMUTE
[    1.191470] evm: security.SMACK64MMAP
[    1.197594] evm: security.ima
[    1.198353] evm: security.capability
[    1.199436] clocksource: jiffies: mask: 0xffffffff max_cycles: 0xffffffff, max_idle_ns: 7645041785100000 ns
[    1.207772] futex hash table entries: 512 (order: 3, 32768 bytes)
[    1.215020] pinctrl core: initialized pinctrl subsystem
[    1.216658] RTC time:  0:26:25, date: 03/05/19
[    1.219439] NET: Registered protocol family 16
[    1.240864] cpuidle: using governor ladder
[    1.256675] cpuidle: using governor menu
[    1.258898] PCCT header not found.
[    1.276856] ACPI: bus type PCI registered
[    1.318836] acpiphp: ACPI Hot Plug PCI Controller Driver version: 0.5
[    1.325541] PCI: Using configuration type 1 for base access
[    1.357534] ACPI: Added _OSI(Module Device)
[    1.364944] ACPI: Added _OSI(Processor Device)
[    1.367880] ACPI: Added _OSI(3.0 _SCP Extensions)
[    1.370726] ACPI: Added _OSI(Processor Aggregator Device)
[    1.373637] ACPI: Executed 1 blocks of module-level executable AML code
[    1.385271] ACPI: Interpreter enabled
[    1.401310] ACPI: (supports S0 S5)
[    1.418847] ACPI: Using IOAPIC for interrupt routing
[    1.429891] PCI: Using host bridge windows from ACPI; if necessary, use "pci=nocrs" and report a bug
[    1.467415] ACPI: PCI Root Bridge [PCI0] (domain 0000 [bus 00-ff])
[    1.474225] acpi PNP0A03:00: _OSC: OS supports [ASPM ClockPM Segments MSI]
[    1.476234] acpi PNP0A03:00: _OSC: not requesting OS control; OS requires [ExtendedConfig ASPM ClockPM MSI]
[    1.482451] acpi PNP0A03:00: fail to add MMCONFIG information, can't access extended PCI configuration space under this bridge.
[    1.543348] PCI host bridge to bus 0000:00
[    1.545665] pci_bus 0000:00: root bus resource [io  0x0000-0x0cf7 window]
[    1.547336] pci_bus 0000:00: root bus resource [io  0x0d00-0xffff window]
[    1.549031] pci_bus 0000:00: root bus resource [mem 0x000a0000-0x000bffff window]
[    1.553156] pci_bus 0000:00: root bus resource [mem 0x40000000-0xffdfffff window]
[    1.555236] pci_bus 0000:00: root bus resource [bus 00-ff]
[    1.558473] pci 0000:00:01.1: legacy IDE quirk: reg 0x10: [io  0x01f0-0x01f7]
[    1.564207] pci 0000:00:01.1: legacy IDE quirk: reg 0x14: [io  0x03f6]
[    1.565867] pci 0000:00:01.1: legacy IDE quirk: reg 0x18: [io  0x0170-0x0177]
[    1.567574] pci 0000:00:01.1: legacy IDE quirk: reg 0x1c: [io  0x0376]
[    1.599683] pci 0000:00:07.0: quirk: [io  0x4000-0x403f] claimed by PIIX4 ACPI
[    1.622804] pci 0000:00:07.0: quirk: [io  0x4100-0x410f] claimed by PIIX4 SMB
[    1.668734] ACPI: PCI Interrupt Link [LNKA] (IRQs 5 9 10 *11)
[    1.684422] ACPI: PCI Interrupt Link [LNKB] (IRQs 5 9 10 *11)
[    1.686230] ACPI: PCI Interrupt Link [LNKC] (IRQs 5 9 *10 11)
[    1.702329] ACPI: PCI Interrupt Link [LNKD] (IRQs 5 *9 10 11)
[    1.711841] ACPI: Enabled 2 GPEs in block 00 to 07
[    1.713541] vgaarb: setting as boot device: PCI:0000:00:02.0
[    1.714990] vgaarb: device added: PCI:0000:00:02.0,decodes=io+mem,owns=io+mem,locks=none
[    1.728287] vgaarb: loaded
[    1.746767] vgaarb: bridge control possible 0000:00:02.0
[    1.774514] SCSI subsystem initialized
[    1.795746] ACPI: bus type USB registered
[    1.814962] usbcore: registered new interface driver usbfs
[    1.821859] usbcore: registered new interface driver hub
[    1.871759] usbcore: registered new device driver usb
[    1.873896] PCI: Using ACPI for IRQ routing
[    1.900531] NetLabel: Initializing
[    1.901506] NetLabel:  domain hash size = 128
[    1.907958] NetLabel:  protocols = UNLABELED CIPSOv4
[    1.909512] NetLabel:  unlabeled traffic allowed by default
[    1.925393] amd_nb: Cannot enumerate AMD northbridges
[    1.930960] clocksource: Switched to clocksource kvm-clock
[    1.939816] AppArmor: AppArmor Filesystem Enabled
[    1.946263] pnp: PnP ACPI init
[    1.953468] pnp: PnP ACPI: found 3 devices
[    1.972762] clocksource: acpi_pm: mask: 0xffffff max_cycles: 0xffffff, max_idle_ns: 2085701024 ns
[    1.982872] NET: Registered protocol family 2
[    1.984278] TCP established hash table entries: 8192 (order: 4, 65536 bytes)
[    1.996518] TCP bind hash table entries: 8192 (order: 5, 131072 bytes)
[    1.998128] TCP: Hash tables configured (established 8192 bind 8192)
[    1.999683] UDP hash table entries: 512 (order: 2, 16384 bytes)
[    2.002203] UDP-Lite hash table entries: 512 (order: 2, 16384 bytes)
[    2.003477] NET: Registered protocol family 1
[    2.004453] pci 0000:00:00.0: Limiting direct PCI/PCI transfers
[    2.006821] pci 0000:00:01.0: Activating ISA DMA hang workarounds
[    2.011590] Unpacking initramfs...
[    2.270716] Freeing initrd memory: 14804K
[    2.300697] RAPL PMU detected, API unit is 2^-32 Joules, 3 fixed counters 10737418240 ms ovfl timer
[    2.335886] hw unit of domain pp0-core 2^-0 Joules
[    2.383307] hw unit of domain package 2^-0 Joules
[    2.384874] hw unit of domain pp1-gpu 2^-0 Joules
[    2.386158] platform rtc_cmos: registered platform RTC device (no PNP device found)
[    2.388419] Scanning for low memory corruption every 60 seconds
[    2.390743] audit: initializing netlink subsys (disabled)
[    2.398767] audit: type=2000 audit(1551745589.885:1): initialized
[    2.430403] Initialise system trusted keyring
[    2.469320] HugeTLB registered 2 MB page size, pre-allocated 0 pages
[    2.532006] zbud: loaded
[    2.545652] VFS: Disk quotas dquot_6.6.0
[    2.558557] VFS: Dquot-cache hash table entries: 512 (order 0, 4096 bytes)
[    2.571271] squashfs: version 4.0 (2009/01/31) Phillip Lougher
[    2.590700] fuse init (API version 7.23)
[    2.592172] Key type big_key registered
[    2.608640] Allocating IMA MOK and blacklist keyrings.
[    2.630682] Key type asymmetric registered
[    2.632803] Asymmetric key parser 'x509' registered
[    2.634158] Block layer SCSI generic (bsg) driver version 0.4 loaded (major 249)
[    2.636133] io scheduler noop registered
[    2.637012] io scheduler deadline registered (default)
[    2.638142] io scheduler cfq registered
[    2.662614] pci_hotplug: PCI Hot Plug PCI Core version: 0.5
[    2.664044] pciehp: PCI Express Hot Plug Controller Driver version: 0.4
[    2.665747] ACPI: AC Adapter [AC] (off-line)
[    2.666947] input: Power Button as /devices/LNXSYSTM:00/LNXPWRBN:00/input/input0
[    2.669008] ACPI: Power Button [PWRF]
[    2.670181] input: Sleep Button as /devices/LNXSYSTM:00/LNXSLPBN:00/input/input1
[    2.677528] ACPI: Sleep Button [SLPF]
[    2.678944] GHES: HEST is not enabled!
[    2.679735] ACPI: Battery Slot [BAT0] (battery present)
[    2.681833] Serial: 8250/16550 driver, 32 ports, IRQ sharing enabled
[    2.715512] 00:02: ttyS0 at I/O 0x3f8 (irq = 4, base_baud = 115200) is a 16550A
[    2.724377] Linux agpgart interface v0.103
[    2.735745] loop: module loaded
[    2.749181] scsi host0: ata_piix
[    2.777097] scsi host1: ata_piix
[    2.780051] ata1: PATA max UDMA/33 cmd 0x1f0 ctl 0x3f6 bmdma 0xd000 irq 14
[    2.783889] ata2: PATA max UDMA/33 cmd 0x170 ctl 0x376 bmdma 0xd008 irq 15
[    2.792352] libphy: Fixed MDIO Bus: probed
[    2.796876] tun: Universal TUN/TAP device driver, 1.6
[    2.810887] tun: (C) 1999-2004 Max Krasnyansky <maxk@qualcomm.com>
[    2.813854] PPP generic driver version 2.4.2
[    2.815253] ehci_hcd: USB 2.0 'Enhanced' Host Controller (EHCI) Driver
[    2.816935] ehci-pci: EHCI PCI platform driver
[    2.818224] ehci-platform: EHCI generic platform driver
[    2.819670] ohci_hcd: USB 1.1 'Open' Host Controller (OHCI) Driver
[    2.821206] ohci-pci: OHCI PCI platform driver
[    2.868663] ohci-platform: OHCI generic platform driver
[    2.923399] uhci_hcd: USB Universal Host Controller Interface driver
[    2.938276] i8042: PNP: PS/2 Controller [PNP0303:PS2K,PNP0f03:PS2M] at 0x60,0x64 irq 1,12
[    2.960906] serio: i8042 KBD port at 0x60,0x64 irq 1
[    2.973442] serio: i8042 AUX port at 0x60,0x64 irq 12
[    2.979761] mousedev: PS/2 mouse device common for all mice
[    2.997539] input: AT Translated Set 2 keyboard as /devices/platform/i8042/serio0/input/input2
[    3.006033] rtc_cmos rtc_cmos: rtc core: registered rtc_cmos as rtc0
[    3.007359] rtc_cmos rtc_cmos: alarms up to one day, 114 bytes nvram
[    3.011909] i2c /dev entries driver
[    3.019567] device-mapper: uevent: version 1.0.3
[    3.021952] device-mapper: ioctl: 4.34.0-ioctl (2015-10-28) initialised: dm-devel@redhat.com
[    3.025811] ledtrig-cpu: registered to indicate activity on CPUs
[    3.029484] NET: Registered protocol family 10
[    3.031959] NET: Registered protocol family 17
[    3.034023] Key type dns_resolver registered
[    3.036460] registered taskstats version 1
[    3.037632] Loading compiled-in X.509 certificates
[    3.039795] Loaded X.509 cert 'Build time autogenerated kernel key: bff73e56bc0efa7435b2a24f5427674623f1be80'
[    3.064658] zswap: loaded using pool lzo/zbud
[    3.067902] Key type trusted registered
[    3.197718] Key type encrypted registered
[    3.263770] AppArmor: AppArmor sha1 policy hashing enabled
[    3.264878] ima: No TPM chip found, activating TPM-bypass!
[    3.267928] ima: Allocated hash algorithm: sha1
[    3.268938] evm: HMAC attrs: 0x1
[    3.270273]   Magic number: 11:725:404
[    3.272620] rtc_cmos rtc_cmos: setting system clock to 2019-03-05 00:26:27 UTC (1551745587)
[    3.285595] BIOS EDD facility v0.16 2004-Jun-25, 0 devices found
[    3.288872] EDD information not available.
[    3.293667] Freeing unused kernel memory: 1484K
[    3.343129] Write protecting the kernel read-only data: 14336k
[    3.462429] tsc: Refined TSC clocksource calibration: 2293.874 MHz
[    3.473005] clocksource: tsc: mask: 0xffffffffffffffff max_cycles: 0x21109a36c9f, max_idle_ns: 440795253371 ns
[    3.476830] Freeing unused kernel memory: 1624K
[    3.483980] Freeing unused kernel memory: 92K
Loading, please wait...
starting version[    3.510058] random: systemd-udevd: uninitialized urandom read (16 bytes read, 2 bits of entropy available)
 229
[    3.510740] random: udevadm: uninitialized urandom read (16 bytes read, 2 bits of entropy available)
[    3.510780] random: udevadm: uninitialized urandom read (16 bytes read, 2 bits of entropy available)
[    3.525337] random: udevadm: uninitialized urandom read (16 bytes read, 2 bits of entropy available)
[    3.525395] random: udevadm: uninitialized urandom read (16 bytes read, 2 bits of entropy available)
[    3.525578] random: udevadm: uninitialized urandom read (16 bytes read, 2 bits of entropy available)
[    3.525651] random: udevadm: uninitialized urandom read (16 bytes read, 2 bits of entropy available)
[    3.525721] random: udevadm: uninitialized urandom read (16 bytes read, 2 bits of entropy available)
[    3.525793] random: udevadm: uninitialized urandom read (16 bytes read, 2 bits of entropy available)
[    3.525864] random: udevadm: uninitialized urandom read (16 bytes read, 2 bits of entropy available)
[    3.711205] e1000: Intel(R) PRO/1000 Network Driver - version 7.3.21-k8-NAPI
[    3.744474] e1000: Copyright (c) 1999-2006 Intel Corporation.
[    3.750527] Fusion MPT base driver 3.04.20
[    3.752888] Copyright (c) 1999-2008 LSI Corporation
[    3.788316] Fusion MPT SPI Host driver 3.04.20
[    3.825132] AVX version of gcm_enc/dec engaged.
[    3.831936] AES CTR mode by8 optimization enabled
[    3.983330] input: ImExPS/2 Generic Explorer Mouse as /devices/platform/i8042/serio1/input/input4
[    4.169006] e1000 0000:00:03.0 eth0: (PCI:33MHz:32-bit) 02:82:01:2e:28:d8
[    4.183008] e1000 0000:00:03.0 eth0: Intel(R) PRO/1000 Network Connection
[    4.193579] mptbase: ioc0: Initiating bringup
[    4.263759] ioc0: LSI53C1030 A0: Capabilities={Initiator}
[    4.440814] scsi host2: ioc0: LSI53C1030 A0, FwRev=00000000h, Ports=1, MaxQ=256, IRQ=20
[    4.576346] scsi 2:0:0:0: Direct-Access     VBOX     HARDDISK         1.0  PQ: 0 ANSI: 5
[    4.611939] scsi target2:0:0: Beginning Domain Validation
[    4.626659] scsi target2:0:0: Domain Validation skipping write tests
[    4.643987] scsi target2:0:0: Ending Domain Validation
[    4.647413] scsi target2:0:0: asynchronous
[    4.655291] scsi 2:0:1:0: Direct-Access     VBOX     HARDDISK         1.0  PQ: 0 ANSI: 5
[    4.667877] scsi target2:0:1: Beginning Domain Validation
[    4.677096] scsi target2:0:1: Domain Validation skipping write tests
[    4.697011] scsi target2:0:1: Ending Domain Validation
[    4.703523] scsi target2:0:1: asynchronous
[    4.725857] sd 2:0:0:0: Attached scsi generic sg0 type 0
[    4.734896] sd 2:0:0:0: [sda] 20971520 512-byte logical blocks: (10.7 GB/10.0 GiB)
[    4.738279] sd 2:0:0:0: [sda] Write Protect is off
[    4.747439] sd 2:0:1:0: Attached scsi generic sg1 type 0
[    4.750909] sd 2:0:0:0: [sda] Incomplete mode parameter data
[    4.754483] sd 2:0:1:0: [sdb] 20480 512-byte logical blocks: (10.5 MB/10.0 MiB)
[    4.760463] sd 2:0:1:0: [sdb] Write Protect is off
[    4.760605] sd 2:0:1:0: [sdb] Incomplete mode parameter data
[    4.760606] sd 2:0:1:0: [sdb] Assuming drive cache: write through
[    4.828504] sd 2:0:0:0: [sda] Assuming drive cache: write through
[    4.838569]  sda: sda1
[    4.846048] sd 2:0:1:0: [sdb] Attached SCSI disk
[    4.849738] sd 2:0:0:0: [sda] Attached SCSI disk
[    4.980393] e1000 0000:00:08.0 eth1: (PCI:33MHz:32-bit) 08:00:27:c5:13:4b
[    4.993760] e1000 0000:00:08.0 eth1: Intel(R) PRO/1000 Network Connection
[    5.003492] e1000 0000:00:03.0 enp0s3: renamed from eth0
[    5.031319] e1000 0000:00:08.0 enp0s8: renamed from eth1
Begin: Loading e[    6.554743] md: linear personality registered for level -1
ssential drivers ... [    6.577400] md: multipath personality registered for level -4
[    6.596856] md: raid0 personality registered for level 0
[    6.609219] md: raid1 personality registered for level 1
[    6.683000] raid6: sse2x1   gen()  6876 MB/s
[    6.763029] raid6: sse2x1   xor()  5458 MB/s
[    6.848626] raid6: sse2x2   gen()  8813 MB/s
[    6.918990] raid6: sse2x2   xor()  5956 MB/s
[    6.991000] raid6: sse2x4   gen()  9998 MB/s
[    7.079042] raid6: sse2x4   xor()  6381 MB/s
[    7.089885] raid6: using algorithm sse2x4 gen() 9998 MB/s
[    7.092820] raid6: .... xor() 6381 MB/s, rmw enabled
[    7.095633] raid6: using ssse3x2 recovery algorithm
[    7.117405] xor: automatically using best checksumming function:
[    7.167131]    avx       : 13063.000 MB/sec
[    7.188055] async_tx: api initialized (async)
[    7.245913] md: raid6 personality registered for level 6
[    7.329862] md: raid5 personality registered for level 5
[    7.331197] md: raid4 personality registered for level 4
[    7.386759] md: raid10 personality registered for level 10
done.
Begin: Running /scripts/init-premount ... done.
Begin: Mounting root file system ... Begin: Running /scripts/local-top ... done.
Begin: Running /scripts/local-premount ... [    7.465327] Btrfs loaded
Scanning for Btrfs filesystems
done.
Warning: fsck not present, so sk[    7.561021] EXT4-fs (sda1): mounted filesystem with ordered data mode. Opts: (null)
ipping root file system
done.
Begin: Running /scripts/local-bottom ... done.
Begin: Running /scripts/init-bottom ... done.
[    7.829937] systemd[1]: systemd 229 running in system mode. (+PAM +AUDIT +SELINUX +IMA +APPARMOR +SMACK +SYSVINIT +UTMP +LIBCRYPTSETUP +GCRYPT +GNUTLS +ACL +XZ -LZ4 +SECCOMP +BLKID +ELFUTILS +KMOD -IDN)
[    7.964017] systemd[1]: Detected virtualization oracle.
[    7.965442] systemd[1]: Detected architecture x86-64.

Welcome to [1mUbuntu 16.04.5 LTS[0m!

[    7.992203] systemd[1]: Set hostname to <ubuntu>.
[    8.035291] systemd[1]: Initializing machine ID from random generator.
[    8.073391] systemd[1]: Installed transient /etc/machine-id file.
[    8.341265] systemd[1]: Started Trigger resolvconf update for networkd DNS.
[[0;32m  OK  [0m] Started Trigger resolvconf update for networkd DNS.
[    8.352049] systemd[1]: Reached target Encrypted Volumes.
[[0;32m  OK  [0m] Reached target Encrypted Volumes.
[    8.438452] systemd[1]: Created slice System Slice.
[[0;32m  OK  [0m] Created slice System Slice.
[    8.458021] systemd[1]: Set up automount Arbitrary Executable File Formats File System Automount Point.
[[0;32m  OK  [0m] Set up automount Arbitrary Executab...ats File System Automount Point.
[    8.499041] systemd[1]: Reached target User and Group Name Lookups.
[[0;32m  OK  [0m] Reached target User and Group Name Lookups.
[    8.515105] systemd[1]: Listening on Device-mapper event daemon FIFOs.
[[0;32m  OK  [0m] Listening on Device-mapper event daemon FIFOs.
[    8.583930] systemd[1]: Started Forward Password Requests to Wall Directory Watch.
[[0;32m  OK  [0m] Started Forward Password Requests to Wall Directory Watch.
[    8.663918] systemd[1]: Listening on Syslog Socket.
[[0;32m  OK  [0m] Listening on Syslog Socket.
[    8.709857] systemd[1]: Listening on udev Kernel Socket.
[[0;32m  OK  [0m] Listening on udev Kernel Socket.
[    8.802391] systemd[1]: Listening on Journal Audit Socket.
[[0;32m  OK  [0m] Listening on Journal Audit Socket.
[    8.824565] systemd[1]: Listening on Journal Socket.
[[0;32m  OK  [0m] Listening on Journal Socket.
[    8.847587] systemd[1]: Starting Uncomplicated firewall...
         Starting Uncomplicated firewall...
[    8.869166] systemd[1]: Starting Nameserver information manager...
         Starting Nameserver information manager...
[    8.951325] systemd[1]: Mounting Huge Pages File System...
         Mounting Huge Pages File System...
[    9.003331] systemd[1]: Mounting POSIX Message Queue File System...
         Mounting POSIX Message Queue File System...
[    9.028012] systemd[1]: Starting Set console keymap...
         Starting Set console keymap...
[    9.085457] systemd[1]: Starting Remount Root and Kernel File Systems...
[    9.090932] EXT4-fs (sda1): re-mounted. Opts: (null)
         Starting Remount Root and Kernel File Systems...
[    9.108037] systemd[1]: Listening on LVM2 metadata daemon socket.
[[0;32m  OK  [0m] Listening on LVM2 metadata daemon socket.
[    9.179897] systemd[1]: Listening on /dev/initctl Compatibility Named Pipe.
[[0;32m  OK  [0m] Listening on /dev/initctl Compatibility Named Pipe.
[    9.211488] systemd[1]: Starting Monitoring of LVM2 mirrors, snapshots etc. using dmeventd or progress polling...
         Starting Monitoring of LVM2 mirrors... dmeventd or progress polling...
[    9.311693] systemd[1]: Starting Load Kernel Modules...
[    9.331842] Loading iSCSI transport class v2.0-870.
         Starting Load Kernel Modules...
[    9.335355] systemd[1]: Listening on LVM2 poll daemon socket.
[    9.335966] random: nonblocking pool is initialized
[[0;32m  OK  [0m] Listening on[    9.429332] iscsi: registered transport (tcp)
 LVM2 poll daemon socket.
[    9.454338] systemd[1]: Created slice system-serial\x2dgetty.slice.
[[0;32m  OK  [0m] Created slice system-serial\x2dgetty.slice.
[    9.501556] systemd[1]: Created slice User and Session Slice.
[[0;32m  OK  [[    9.527566] iscsi: registered transport (iser)
0m] Created slice User and Session Slice.
[    9.531487] systemd[1]: Listening on udev Control Socket.
[[0;32m  OK  [0m] Listening on udev Control Socket.
[    9.569135] systemd[1]: Reached target Slices.
[[0;32m  OK  [0m] Reached target Slices.
[    9.615633] systemd[1]: Listening on Journal Socket (/dev/log).
[[0;32m  OK  [0m] Listening on Journal Socket (/dev/log).
[    9.723520] systemd[1]: Starting Journal Service...
         Starting Journal Service...
[    9.740915] systemd[1]: Starting Create list of required static device nodes for the current kernel...
         Starting Create list of required st... nodes for the current kernel...
[    9.751687] systemd[1]: Reached target Swap.
[[0;32m  OK  [0m] Reached target Swap.
[    9.757592] systemd[1]: Mounting Debug File System...
         Mounting Debug File System...
[    9.767250] systemd[1]: Reached target System Time Synchronized.
[[0;32m  OK  [0m] Reached target System Time Synchronized.
[    9.793480] systemd[1]: Mounted Huge Pages File System.
[[0;32m  OK  [0m] Mounted Huge Pages File System.
[    9.835501] systemd[1]: Mounted POSIX Message Queue File System.
[[0;32m  OK  [0m] Mounted POSIX Message Queue File System.
[    9.851439] systemd[1]: Mounted Debug File System.
[[0;32m  OK  [0m] Mounted Debug File System.
[    9.991518] systemd[1]: Started Journal Service.
[[0;32m  OK  [0m] Started Journal Service.
[[0;32m  OK  [0m] Started Uncomplicated firewall.
[[0;32m  OK  [0m] Started Set console keymap.
[[0;32m  OK  [0m] Started Remount Root and Kernel File Systems.
[[0;32m  OK  [0m] Started Load Kernel Modules.
[[0;32m  OK  [0m] Started Create list of required sta...ce nodes for the current kernel.
[[0;32m  OK  [0m] Started Nameserver information manager.
[[0;32m  OK  [0m] Started LVM2 metadata daemon.
         Starting Create Static Device Nodes in /dev...
         Starting Apply Kernel Variables...
         Mounting FUSE Control File System...
         Starting Load/Save Random Seed...
         Starting udev Coldplug all Devices...
         Starting Flush Journal to Persistent Storage...
[[0;32m  OK  [0m] Mounted FUSE Control File System.
[[0;32m  OK  [0m] Started Create Static Device Nodes in /dev.
[[0;32m  OK  [0m] Started Apply Kernel Variables.
[[0;32m  OK  [0m] Started Load/Save Random Seed.
[[0;32m  OK  [0m] Started Monitoring of LVM2 mirrors,...ng dmeventd or progress polling.
[[0;32m  OK  [0m] Started udev Coldplug all Devices.
[[0;32m  OK  [0m] Started Flush Journal to Persistent Storage.
[[0;32m  OK  [0m] Reached target Local File Systems (Pre).
[[0;32m  OK  [0m] Reached target Local File Systems.
         Starting Create Volatile Files and Directories...
         Starting Set console font and keymap...
         Starting LSB: AppArmor initialization...
         Starting Initial cloud-init job (pre-networking)...
         Starting Tell Plymouth To Write Out Runtime Data...
         Starting Commit a transient machine-id on disk...
         Starting udev Kernel Device Manager...
[[0;32m  OK  [0m] Started Create Volatile Files and Directories.
[[0;32m  OK  [0m] Started Tell Plymouth To Write Out Runtime Data.
[[0;32m  OK  [0m] Started Commit a transient machine-id on disk.
[[0;32m  OK  [0m] Started udev Kernel Device Manager.
[[0;32m  OK  [0m] Started Dispatch Password Requests to Console Directory Watch.
         Starting Update UTMP about System Boot/Shutdown...
[[0;32m  OK  [0m] Started Update UTMP about System Boot/Shutdown.
[[0;32m  OK  [0m] Found device /dev/ttyS0.
[[0;32m  OK  [0m] Started Set console font and keymap.
[[0;32m  OK  [0m] Listening on Load/Save RF Kill Switch Status /dev/rfkill Watch.
[[0;32m  OK  [0m] Created slice system-getty.slice.
[[0;32m  OK  [0m] Started LSB: AppArmor initialization.
[   11.323978] cloud-init[484]: Cloud-init v. 18.4-0ubuntu1~16.04.2 running 'init-local' at Tue, 05 Mar 2019 00:26:36 +0000. Up 10.79 seconds.
[[0;32m  OK  [0m] Started Initial cloud-init job (pre-networking).
[[0;32m  OK  [0m] Reached target Network (Pre).
         Starting Raise network interfaces...
[[0;32m  OK  [0m] Started Raise network interfaces.
         Starting Initial cloud-init job (metadata service crawler)...
[[0;32m  OK  [0m] Reached target Network.
[   13.094366] cloud-init[927]: Cloud-init v. 18.4-0ubuntu1~16.04.2 running 'init' at Tue, 05 Mar 2019 00:26:37 +0000. Up 12.21 seconds.
[   13.103160] cloud-init[927]: ci-info: ++++++++++++++++++++++++++++++++++++++Net device info++++++++++++++++++++++++++++++++++++++
[   13.124956] cloud-init[927]: ci-info: +--------+-------+---------------------------+---------------+--------+-------------------+
[   13.176923] [[0;32m  OK  [0m] Started Initial cloud-init job (metadata service crawler).
cloud-init[927]: ci-info: | Device |   Up  |          Address          |      Mask     | Scope  |     Hw-Address    |
[   13.284680] [cloud-init[0;32m  OK  [0m[927]: ] ci-info: +--------+-------+---------------------------+---------------+--------+-------------------+Reached target System Initialization.

[[0;32m  OK  [0m] Started Daily Cleanup of Temporary Directories.
[   13.345135] [[0;32m  OK  [0m] Listening on D-Bus System Message Bus Socket.
cloud-init[927]: ci-info: | enp0s3 |  True |         10.0.2.15         | 255.255.255.0 | global | 02:82:01:2e:28:d8 |
[   13.372782]          cloud-initStarting LXD - unix socket.[927]: 
ci-info: | enp0s3 |  True | fe80::82:1ff:fe2e:28d8/64 |       .       |  link  | 02:82:01:2e:28:d8 |
[   13.424865] [[0;32m  OK  [0m] Listening on UUID daemon activation socket.
cloud-init[[0;32m  OK  [0m] Listening on ACPID Listen Socket.
[927]: ci-info: | enp0s8 | False |             .             |       .       |   .    | 08:00:27:c5:13:4b |
[   13.476583]          cloud-initStarting Socket activation for snappy daemon.[927]: 
ci-info: |   lo   |  True |         127.0.0.1         |   255.0.0.0   |  host  |         .         |
[   13.493189] [[0;32m  OK  [0m] Started Daily apt download activities.
cloud-init[[0;32m  OK  [0m] Started Daily apt upgrade and clean activities.
[927]: ci-info: |   lo   |  True |          ::1/128          |       .       |  host  |         .         |
[   13.559581] cloud-init[927]: ci-info: +--------+-------+---------------------------+---------------+--------+-------------------+
[[0;32m  OK  [0m] Reached target Timers.
[   13.562169] cloud-init[927]: ci-info: +++++++++++++++++++++++++++Route IPv4 info++++++++++++++++++++++++++++
[   13.576446] [[0;32m  OK  [0m] Started ACPI Events Check.
cloud-init[[0;32m  OK  [0m] Reached target Paths.
[927]: ci-info: +-------+-------------+----------+---------------+-----------+-------+
[[   13.635943] [0;32m  OK  [0m] Reached target Network is Online.
cloud-init[927]: ci-info: | Route | Destination | Gateway  |    Genmask    | Interface | Flags |
         Starting iSCSI initiator daemon (iscsid)...
[[0;32m  OK  [0m] Reached target Cloud-config availability.
[   13.657465] cloud-init[927]: ci-info: +-------+-------------+----------+---------------+-----------+-------+
[   13.704368] [[0;32m  OK  [0m] Listening on LXD - unix socket.
cloud-init[[0;32m  OK  [0m] Listening on Socket activation for snappy daemon.
[927]: ci-info: |   0   |   0.0.0.0   | 10.0.2.2 |    0.0.0.0    |   enp0s3  |   UG  |
[   13.760779] [cloud-init[0;32m  OK  [0m[927]: ] ci-info: |   1   |   10.0.2.0  | 0.0.0.0  | 255.255.255.0 |   enp0s3  |   U   |Started iSCSI initiator daemon (iscsid).

[   13.761352] cloud-init[927]: ci-info: +-------+-------------+----------+---------------+-----------+-------+
[   13.875163]          Starting Login to default iSCSI targets...
cloud-init[927]: ci-info: +++++++++++++++++++Route IPv6 info+++++++++++++++++++
[   13.920822] [cloud-init[0;32m  OK  [0m[927]: ] ci-info: +-------+-------------+---------+-----------+-------+Reached target Sockets.

[   13.922512] [cloud-init[0;32m  OK  [0m[927]: ] ci-info: | Route | Destination | Gateway | Interface | Flags |Reached target Basic System.

[   13.995007] cloud-init[927]: ci-info: +-------+-------------+---------+-----------+-------+
[   14.074559]          Starting Pollinate to seed the pseudo random number generator...
cloud-init         Starting LXD - container startup/shutdown...
[927]: ci-info: |   0   |  fe80::/64  |    ::   |   enp0s3  |   U   |
[[0;32m  OK  [0m] Started ACPI event daemon.
[   14.127668] cloud-init[927]: ci-info: |   3   |   ff00::/8  |    ::   |   enp0s3  |   U   |
[   14.146912] [cloud-init[0;32m  OK  [0m[927]: ] ci-info: +-------+-------------+---------+-----------+-------+Started FUSE filesystem for LXC.

[   14.147546] cloud-init[927]: Generating public/private rsa key pair.
[   14.204109]          cloud-initStarting Snappy daemon...[927]: 
Your identification has been saved in /etc/ssh/ssh_host_rsa_key.
[   14.218704]          Starting Accounts Service...
cloud-init[[0;32m  OK  [0m] Started Unattended Upgrades Shutdown.[927]: 
Your public key has been saved in /etc/ssh/ssh_host_rsa_key.pub.
[   14.243399]          Starting Login Service...
cloud-init[927]: The key fingerprint is:
[   14.272555]          cloud-initStarting LSB: MD monitoring daemon...[927]: 
SHA256:uo8nD4iRAv11DEIBxMIFtAGM33pmTOjlYLro0UrbOD0 root@ubuntu-xenial
[   14.300760]          cloud-initStarting /etc/rc.local Compatibility...[927]: 
The key's randomart image is:
[   14.339057]          Starting LSB: Record successful boot for GRUB...
cloud-init[927]: +---[RSA 2048]----+
[   14.344745] cloud-init[927]: |B*=++..          |
[   14.356506] [cloud-init[0;32m  OK  [0m[927]: ] |o++  . o         |Started Deferred execution scheduler.

[   14.357293] cloud-init[927]: |.+.o  . o        |
[   14.396017] cloud-init[927]: |. =o+. .         |
[   14.402544] cloud-init[927]: |.+oB.   S        |
[   14.424770]          cloud-initStarting System Logging Service...[927]: 
|..+o*. .         |
[   14.449041]          cloud-initStarting Virtualbox guest utils...[927]: 
|.+o=. o          |
[[0;32m  OK  [0m] Started D-Bus System Message Bus.
[   14.484536] cloud-init[927]: |+.*E  .+.        |
[   14.514916] cloud-init[927]: |.=... o=o        |
[   14.528785] [cloud-init[0;32m  OK  [0m[927]: ] +----[SHA256]-----+Started Regular background program processing daemon.

[   14.529465] cloud-init[927]: Generating public/private dsa key pair.
[   14.584223] [[0;32m  OK  [0m] Started System Logging Service.
cloud-init[927]: Your identification has been saved in /etc/ssh/ssh_host_dsa_key.
[   14.603958] [[0;32m  OK  [0m] Started Snappy daemon.
cloud-init[927]: Your public key has been saved in /etc/ssh/ssh_host_dsa_key.pub.
[   14.643480] cloud-init[[927]: [0;32m  OK  [0mThe key fingerprint is:] 
Started LXD - container startup/shutdown.
[   14.645605] cloud-init[927]: SHA256:WsDsKB/G/FX1Zwyr0BVuvrwiAQPKHZ7VLo/z/hW2uBw root@ubuntu-xenial
[   14.697020] [cloud-init[0;32m  OK  [0m[927]: ] The key's randomart image is:Started /etc/rc.local Compatibility.

[   14.698351] cloud-init[927]: +---[DSA 1024]----+
[   14.769316] cloud-init[927]: |         .  . +. |
[   14.793517] [cloud-init[0;32m  OK  [0m[927]: ] |     oo . .o + + |Started Login to default iSCSI targets.

[   14.828725] cloud-init[927]: |   . ++= .o . = +|
[   14.856275] cloud-init[927]: |   ooo+.+... + o |
[[   14.856637] cloud-init[927]: |  . * . S*  . +  |
[0;32m  OK  [0m] Started LSB: MD monitoring daemon.
[   14.856947] cloud-init[927]: |   + o +o o  + + |
[   14.931152] cloud-init[927]: |    . o  o .E =  |
[[   14.931918] cloud-init[927]: |          o..+ . |
[0;32m  OK  [0m] Started LSB: Record successful boot for GRUB.
[   14.933113] cloud-init[927]: |         ..o+..  |
[   15.038631] cloud-init[927]: +----[SHA256]-----+
[   15.041454] cloud-init[927]: Generating public/private ecdsa key pair.
[   15.071698] cloud-init[927]: Your identification has been saved in /etc/ssh/ssh_host_ecdsa_key.
[[0;32m  OK  [0m] Started Login Service.
[   15.072161] cloud-init[927]: Your public key has been saved in /etc/ssh/ssh_host_ecdsa_key.pub.
[   15.110854] cloud-init[927]: The key fingerprint is:
[[   15.111206] cloud-init[927]: SHA256:7Czjekvw/wmpXK023J5nIVCEUguVtSmMFZnJ1VtCaFU root@ubuntu-xenial[0;32m  OK  [0m
] Started Virtualbox guest utils.
[   15.111628] cloud-init[927]: The key's randomart image is:
[   15.176534] cloud-init[927]: +---[ECDSA 256]---+
         [   15.177059] cloud-init[927]: |      .+=@+=o.E  |Starting Authenticate and Authorize Users to Run Privileged Tasks...

[[   15.177487] cloud-init[927]: |      .=B.+oo .  |
[0;32m  OK  [0m[   15.263335] cloud-init[927]: |      ..+oo  +   |
] Reached target Remote File Systems (Pre).
[   15.264100] cloud-init[927]: |       ...  .    |
[[   15.299450] cloud-init[927]: |    .   S.       |
[0;32m  OK  [0m] Reached target Remote File Systems.
[   15.300052] cloud-init[927]: |     o o o. .    |
[   15.310014] cloud-init[927]: |      =.*... .   |
[   15.311796] cloud-init[927]: |     +.*+o.oo    |
[   15.344502] cloud-init[927]: |    .o=oo+=o     |
[   15.345311] cloud-init[927]: +----[SHA256]-----+
         Starting LSB: automatic crash report generation...
[   15.345819] cloud-init[927]: Generating public/private ed25519 key pair.
[   15.424581] cloud-init[927]: Your identification has been saved in /etc/ssh/ssh_host_ed25519_key.
         [   15.459778] cloud-init[927]: Your public key has been saved in /etc/ssh/ssh_host_ed25519_key.pub.
Starting Permit User Sessions...[   15.462152] cloud-init[927]: The key fingerprint is:

[   15.463094] cloud-init[927]: SHA256:zUaQSo9zLwR94GYEAR8PVfi6N3b5iRSSRso+v5fv9aI root@ubuntu-xenial
[   15.617481] cloud-init[927]: The key's randomart image is:
         [   15.618595] cloud-init[927]: +--[ED25519 256]--+
Starting LSB: daemon to balance interrupts for SMP systems...
[   15.619476] cloud-init[927]: |    ..====.      |
[   15.716518] cloud-init[927]: |     .o*+..      |
         Starting LSB: Set the CPU Frequency Scaling governor to "ondemand"...
[   15.717640] cloud-init[927]: |     ..==oo      |
         Starting Wait until snapd is fully seeded...
[[0;32m  OK  [0m] Started Pollinate to seed the pseudo random number generator.[   15.785808] cloud-init[927]: |      +++*..     |
[   15.805250] cloud-init[927]: |       +SoB .    |
[   15.805339] cloud-init[927]: |       .oo.. .   |
[   15.805436] cloud-init[927]: |        oo  .o  .|
[   15.805513] cloud-init[927]: |        .o+.=..o.|
[   15.805578] cloud-init[927]: |         oo=E==..|
[   15.805637] cloud-init[927]: +----[SHA256]-----+

[[0;32m  OK  [0m] Started Permit User Sessions.
[[0;32m  OK  [0m] Started Authenticate and Authorize Users to Run Privileged Tasks.
[[0;32m  OK  [0m] Started Accounts Service.
[[0;32m  OK  [0m] Started LSB: automatic crash report generation.
[[0;32m  OK  [0m] Started LSB: daemon to balance interrupts for SMP systems.
         Starting Terminate Plymouth Boot Screen...
         Starting Hold until boot process finishes up...
         Starting OpenBSD Secure Shell server...
[[0;32m  OK  [0m] Started LSB: Set the CPU Frequency Scaling governor to "ondemand".
[[0;32m  OK  [0m] Started Terminate Plymouth Boot Screen.
[[0;32m  OK  [0m] Started Hold until boot process finishes up.
[[0;32m  OK  [0m] Started OpenBSD Secure Shell server.
[[0;32m  OK  [0m] Started Getty on tty1.
[[0;32m  OK  [0m] Started Serial Getty on ttyS0.
[[0;32m  OK  [0m] Reached target Login Prompts.
         Starting Set console scheme...
[[0;32m  OK  [0m] Started Set console scheme.
[[0;32m  OK  [0m] Created slice User Slice of vagrant.
         Starting User Manager for UID 1000...
[[0;32m  OK  [0m] Started User Manager for UID 1000.
[[0;32m  OK  [0m] Started Session 1 of user vagrant.

Ubuntu 16.04.5 LTS ubuntu-xenial ttyS0

ubuntu-xenial login: [   22.456575] cloud-init[1409]: Generating locales (this might take a while)...
[   23.458231] cloud-init[1409]:   en_US.UTF-8... done
[   23.458705] cloud-init[1409]: Generation complete.
[   24.072828] cloud-init[1409]: Cloud-init v. 18.4-0ubuntu1~16.04.2 running 'modules:config' at Tue, 05 Mar 2019 00:26:47 +0000. Up 22.28 seconds.
ci-info: no authorized ssh keys fingerprints found for user ubuntu.
<14>Mar  5 00:26:50 ec2: 
<14>Mar  5 00:26:50 ec2: #############################################################
<14>Mar  5 00:26:50 ec2: -----BEGIN SSH HOST KEY FINGERPRINTS-----
<14>Mar  5 00:26:50 ec2: 1024 SHA256:WsDsKB/G/FX1Zwyr0BVuvrwiAQPKHZ7VLo/z/hW2uBw root@ubuntu-xenial (DSA)
<14>Mar  5 00:26:50 ec2: 256 SHA256:7Czjekvw/wmpXK023J5nIVCEUguVtSmMFZnJ1VtCaFU root@ubuntu-xenial (ECDSA)
<14>Mar  5 00:26:50 ec2: 256 SHA256:zUaQSo9zLwR94GYEAR8PVfi6N3b5iRSSRso+v5fv9aI root@ubuntu-xenial (ED25519)
<14>Mar  5 00:26:50 ec2: 2048 SHA256:uo8nD4iRAv11DEIBxMIFtAGM33pmTOjlYLro0UrbOD0 root@ubuntu-xenial (RSA)
<14>Mar  5 00:26:50 ec2: -----END SSH HOST KEY FINGERPRINTS-----
<14>Mar  5 00:26:50 ec2: #############################################################
-----BEGIN SSH HOST KEY KEYS-----
ecdsa-sha2-nistp256 AAAAE2VjZHNhLXNoYTItbmlzdHAyNTYAAAAIbmlzdHAyNTYAAABBBIoqgghcGVkh/C7EA69yBUbmoWms5Pu2WWdDvOXjbEBtVQcSd805MaRK4HgwQzSknYp7W7bbo/OCTchObVEWjVo= root@ubuntu-xenial
ssh-ed25519 AAAAC3NzaC1lZDI1NTE5AAAAIBTYJMOPYJC8mRNu587JIchMvRx1tGKvfC05ORnirP/C root@ubuntu-xenial
ssh-rsa AAAAB3NzaC1yc2EAAAADAQABAAABAQCXsTXjkZcQWwPXEJbUQLXP8LJMfXJg9bf+DSO9HaPvFbiPX0CrIwAVGCf63DJ2wwqRT+2dsaISqamno8OEYplnUWsTWeDsKGXFgEIOBcnrI1yuVBphu7cwzRfyToqZzlxUqyY2cH/bidBX4Q5jgKujU2a91wuV+h8YwbEiahQ/q/8a5Klaqm4scYcD5usZNZek2ciDlK4Yl87/CxlONWgRyI38vm641AilCNoOO6kGEJvPmB0SkH294vYxGW/JGVhfxVUPYM8LVfCHEQQyuSmtQw1rF3DpPRh7yAO4pXl8ShkOO4sXP9jtoXY1PylXFlVZqtoey7KTo0pDQxtff/K3 root@ubuntu-xenial
-----END SSH HOST KEY KEYS-----
[   24.824644] cloud-init[1507]: Cloud-init v. 18.4-0ubuntu1~16.04.2 running 'modules:final' at Tue, 05 Mar 2019 00:26:50 +0000. Up 24.64 seconds.
[   24.825006] cloud-init[1507]: ci-info: no authorized ssh keys fingerprints found for user ubuntu.
[   24.825257] cloud-init[1507]: Cloud-init v. 18.4-0ubuntu1~16.04.2 finished at Tue, 05 Mar 2019 00:26:50 +0000. Datasource DataSourceNoCloud [seed=/dev/sdb][dsmode=net].  Up 24.81 seconds
[ 2484.065559] e1000 0000:00:08.0 enp0s8: Reset adapter
[39096.161931] e1000 0000:00:08.0 enp0s8: Reset adapter
[46036.872296] e1000 0000:00:08.0 enp0s8: Reset adapter
[54298.005694] e1000 0000:00:08.0 enp0s8: Reset adapter
[58334.230114] e1000 0000:00:08.0 enp0s8: Reset adapter
                                                                                                                                                       [33167.962296] e1000 0000:00:08.0 enp0s8: Reset adapter[[49607.000434] e1000 0000:00:08.0 enp0s8: Reset adapter
[69777.746039] e1000 0000:00:08.0 enp0s8: Reset adapter
[77271.825702] e1000 0000:00:08.0 enp0s8: Reset adapter
[89013.853857] e1000 0000:00:08.0 enp0s8: Reset adapter
[112780.244407] e1000 0000:00:08.0 enp0s8: Reset adapter
[136586.957590] e1000 0000:00:08.0 enp0s8: Reset adapter
[142839.654318] e1000 0000:00:08.0 enp0s8: Reset adapter
5336.789011] e1000 0000:00:08.0 enp0s8: Reset adapter
[136411.713283] e1000 0000:0[142485.190165] e1000 0000:00:08.0 enp0s8: Reset adapter
8.0 enp0s8: Reset adapter
[124977.849471] e1000 0000:00:08.0 enp0s8: Reset adapter
[136052.728953] e1000 0000:00:08.0 enp0s8: Reset adapter
[142307.245583] e1000 0000:00:08.0 enp0s8: Reset adapter
